info it worked if it ends with ok
verbose cli [ 'node', '/usr/bin/npm', 'install' ]
info using npm@1.1.4
info using node@v0.6.12
verbose config file /home/shauna/.npmrc
verbose config file /usr/etc/npmrc
verbose config file /usr/share/npm/npmrc
verbose caching /home/shauna/Desktop/git/sgm/personal/package.json
verbose loadDefaults reveal.js@2.6.2
verbose readDependencies: using package.json deps
verbose where, deps [ '/home/shauna/Desktop/git/sgm/personal',
verbose where, deps   [ 'underscore',
verbose where, deps     'express',
verbose where, deps     'mustache',
verbose where, deps     'socket.io',
verbose where, deps     'grunt-contrib-qunit',
verbose where, deps     'grunt-contrib-jshint',
verbose where, deps     'grunt-contrib-cssmin',
verbose where, deps     'grunt-contrib-uglify',
verbose where, deps     'grunt-contrib-watch',
verbose where, deps     'grunt-contrib-sass',
verbose where, deps     'grunt-contrib-connect',
verbose where, deps     'grunt-zip',
verbose where, deps     'grunt' ] ]
verbose from cache /home/shauna/Desktop/git/sgm/personal/package.json
info preinstall reveal.js@2.6.2
verbose caching /home/shauna/Desktop/git/sgm/personal/node_modules/underscore/package.json
verbose caching /home/shauna/Desktop/git/sgm/personal/node_modules/express/package.json
verbose from cache /home/shauna/Desktop/git/sgm/personal/package.json
verbose readDependencies: using package.json deps
verbose from cache /home/shauna/Desktop/git/sgm/personal/node_modules/underscore/package.json
verbose from cache /home/shauna/Desktop/git/sgm/personal/node_modules/express/package.json
verbose already installed in /home/shauna/Desktop/git/sgm/personal skipping underscore@~1.5.1
verbose already installed in /home/shauna/Desktop/git/sgm/personal skipping express@~2.5.9
verbose cache add [ 'mustache@~0.7.2', null ]
silly cache add: name, spec, args [ undefined, 'mustache@~0.7.2', [ 'mustache@~0.7.2', null ] ]
verbose parsed url { pathname: 'mustache@~0.7.2',
verbose parsed url   path: 'mustache@~0.7.2',
verbose parsed url   href: 'mustache@~0.7.2' }
silly cache add: name, spec, args [ 'mustache', '~0.7.2', [ 'mustache', '~0.7.2' ] ]
verbose parsed url { pathname: '~0.7.2', path: '~0.7.2', href: '~0.7.2' }
verbose addNamed [ 'mustache', '~0.7.2' ]
verbose addNamed [ null, '>=0.7.2- <0.8.0-' ]
silly name, range, hasData [ 'mustache', '>=0.7.2- <0.8.0-', false ]
verbose cache add [ 'socket.io@~0.9.13', null ]
silly cache add: name, spec, args [ undefined, 'socket.io@~0.9.13', [ 'socket.io@~0.9.13', null ] ]
verbose parsed url { pathname: 'socket.io@~0.9.13',
verbose parsed url   path: 'socket.io@~0.9.13',
verbose parsed url   href: 'socket.io@~0.9.13' }
silly cache add: name, spec, args [ 'socket.io', '~0.9.13', [ 'socket.io', '~0.9.13' ] ]
verbose parsed url { pathname: '~0.9.13', path: '~0.9.13', href: '~0.9.13' }
verbose addNamed [ 'socket.io', '~0.9.13' ]
verbose addNamed [ null, '>=0.9.13- <0.10.0-' ]
silly name, range, hasData [ 'socket.io', '>=0.9.13- <0.10.0-', false ]
verbose cache add [ 'grunt-contrib-qunit@~0.2.2', null ]
silly cache add: name, spec, args [ undefined,
silly cache add: name, spec, args   'grunt-contrib-qunit@~0.2.2',
silly cache add: name, spec, args   [ 'grunt-contrib-qunit@~0.2.2', null ] ]
verbose parsed url { pathname: 'grunt-contrib-qunit@~0.2.2',
verbose parsed url   path: 'grunt-contrib-qunit@~0.2.2',
verbose parsed url   href: 'grunt-contrib-qunit@~0.2.2' }
silly cache add: name, spec, args [ 'grunt-contrib-qunit',
silly cache add: name, spec, args   '~0.2.2',
silly cache add: name, spec, args   [ 'grunt-contrib-qunit', '~0.2.2' ] ]
verbose parsed url { pathname: '~0.2.2', path: '~0.2.2', href: '~0.2.2' }
verbose addNamed [ 'grunt-contrib-qunit', '~0.2.2' ]
verbose addNamed [ null, '>=0.2.2- <0.3.0-' ]
silly name, range, hasData [ 'grunt-contrib-qunit', '>=0.2.2- <0.3.0-', false ]
verbose cache add [ 'grunt-contrib-jshint@~0.6.4', null ]
silly cache add: name, spec, args [ undefined,
silly cache add: name, spec, args   'grunt-contrib-jshint@~0.6.4',
silly cache add: name, spec, args   [ 'grunt-contrib-jshint@~0.6.4', null ] ]
verbose parsed url { pathname: 'grunt-contrib-jshint@~0.6.4',
verbose parsed url   path: 'grunt-contrib-jshint@~0.6.4',
verbose parsed url   href: 'grunt-contrib-jshint@~0.6.4' }
silly cache add: name, spec, args [ 'grunt-contrib-jshint',
silly cache add: name, spec, args   '~0.6.4',
silly cache add: name, spec, args   [ 'grunt-contrib-jshint', '~0.6.4' ] ]
verbose parsed url { pathname: '~0.6.4', path: '~0.6.4', href: '~0.6.4' }
verbose addNamed [ 'grunt-contrib-jshint', '~0.6.4' ]
verbose addNamed [ null, '>=0.6.4- <0.7.0-' ]
silly name, range, hasData [ 'grunt-contrib-jshint', '>=0.6.4- <0.7.0-', false ]
verbose cache add [ 'grunt-contrib-cssmin@~0.4.1', null ]
silly cache add: name, spec, args [ undefined,
silly cache add: name, spec, args   'grunt-contrib-cssmin@~0.4.1',
silly cache add: name, spec, args   [ 'grunt-contrib-cssmin@~0.4.1', null ] ]
verbose parsed url { pathname: 'grunt-contrib-cssmin@~0.4.1',
verbose parsed url   path: 'grunt-contrib-cssmin@~0.4.1',
verbose parsed url   href: 'grunt-contrib-cssmin@~0.4.1' }
silly cache add: name, spec, args [ 'grunt-contrib-cssmin',
silly cache add: name, spec, args   '~0.4.1',
silly cache add: name, spec, args   [ 'grunt-contrib-cssmin', '~0.4.1' ] ]
verbose parsed url { pathname: '~0.4.1', path: '~0.4.1', href: '~0.4.1' }
verbose addNamed [ 'grunt-contrib-cssmin', '~0.4.1' ]
verbose addNamed [ null, '>=0.4.1- <0.5.0-' ]
silly name, range, hasData [ 'grunt-contrib-cssmin', '>=0.4.1- <0.5.0-', false ]
verbose raw, before any munging grunt-contrib-qunit
verbose url resolving [ 'https://registry.npmjs.org/', './grunt-contrib-qunit' ]
verbose url resolved https://registry.npmjs.org/grunt-contrib-qunit
http GET https://registry.npmjs.org/grunt-contrib-qunit
verbose raw, before any munging grunt-contrib-jshint
verbose url resolving [ 'https://registry.npmjs.org/', './grunt-contrib-jshint' ]
verbose url resolved https://registry.npmjs.org/grunt-contrib-jshint
http GET https://registry.npmjs.org/grunt-contrib-jshint
verbose cache add [ 'grunt-contrib-uglify@~0.2.4', null ]
silly cache add: name, spec, args [ undefined,
silly cache add: name, spec, args   'grunt-contrib-uglify@~0.2.4',
silly cache add: name, spec, args   [ 'grunt-contrib-uglify@~0.2.4', null ] ]
verbose parsed url { pathname: 'grunt-contrib-uglify@~0.2.4',
verbose parsed url   path: 'grunt-contrib-uglify@~0.2.4',
verbose parsed url   href: 'grunt-contrib-uglify@~0.2.4' }
silly cache add: name, spec, args [ 'grunt-contrib-uglify',
silly cache add: name, spec, args   '~0.2.4',
silly cache add: name, spec, args   [ 'grunt-contrib-uglify', '~0.2.4' ] ]
verbose parsed url { pathname: '~0.2.4', path: '~0.2.4', href: '~0.2.4' }
verbose addNamed [ 'grunt-contrib-uglify', '~0.2.4' ]
verbose addNamed [ null, '>=0.2.4- <0.3.0-' ]
silly name, range, hasData [ 'grunt-contrib-uglify', '>=0.2.4- <0.3.0-', false ]
verbose cache add [ 'grunt-contrib-watch@~0.5.3', null ]
silly cache add: name, spec, args [ undefined,
silly cache add: name, spec, args   'grunt-contrib-watch@~0.5.3',
silly cache add: name, spec, args   [ 'grunt-contrib-watch@~0.5.3', null ] ]
verbose parsed url { pathname: 'grunt-contrib-watch@~0.5.3',
verbose parsed url   path: 'grunt-contrib-watch@~0.5.3',
verbose parsed url   href: 'grunt-contrib-watch@~0.5.3' }
silly cache add: name, spec, args [ 'grunt-contrib-watch',
silly cache add: name, spec, args   '~0.5.3',
silly cache add: name, spec, args   [ 'grunt-contrib-watch', '~0.5.3' ] ]
verbose parsed url { pathname: '~0.5.3', path: '~0.5.3', href: '~0.5.3' }
verbose addNamed [ 'grunt-contrib-watch', '~0.5.3' ]
verbose addNamed [ null, '>=0.5.3- <0.6.0-' ]
silly name, range, hasData [ 'grunt-contrib-watch', '>=0.5.3- <0.6.0-', false ]
verbose cache add [ 'grunt-contrib-sass@~0.5.0', null ]
silly cache add: name, spec, args [ undefined,
silly cache add: name, spec, args   'grunt-contrib-sass@~0.5.0',
silly cache add: name, spec, args   [ 'grunt-contrib-sass@~0.5.0', null ] ]
verbose parsed url { pathname: 'grunt-contrib-sass@~0.5.0',
verbose parsed url   path: 'grunt-contrib-sass@~0.5.0',
verbose parsed url   href: 'grunt-contrib-sass@~0.5.0' }
silly cache add: name, spec, args [ 'grunt-contrib-sass',
silly cache add: name, spec, args   '~0.5.0',
silly cache add: name, spec, args   [ 'grunt-contrib-sass', '~0.5.0' ] ]
verbose parsed url { pathname: '~0.5.0', path: '~0.5.0', href: '~0.5.0' }
verbose addNamed [ 'grunt-contrib-sass', '~0.5.0' ]
verbose addNamed [ null, '>=0.5.0- <0.6.0-' ]
silly name, range, hasData [ 'grunt-contrib-sass', '>=0.5.0- <0.6.0-', false ]
verbose cache add [ 'grunt-contrib-connect@~0.4.1', null ]
silly cache add: name, spec, args [ undefined,
silly cache add: name, spec, args   'grunt-contrib-connect@~0.4.1',
silly cache add: name, spec, args   [ 'grunt-contrib-connect@~0.4.1', null ] ]
verbose parsed url { pathname: 'grunt-contrib-connect@~0.4.1',
verbose parsed url   path: 'grunt-contrib-connect@~0.4.1',
verbose parsed url   href: 'grunt-contrib-connect@~0.4.1' }
silly cache add: name, spec, args [ 'grunt-contrib-connect',
silly cache add: name, spec, args   '~0.4.1',
silly cache add: name, spec, args   [ 'grunt-contrib-connect', '~0.4.1' ] ]
verbose parsed url { pathname: '~0.4.1', path: '~0.4.1', href: '~0.4.1' }
verbose addNamed [ 'grunt-contrib-connect', '~0.4.1' ]
verbose addNamed [ null, '>=0.4.1- <0.5.0-' ]
silly name, range, hasData [ 'grunt-contrib-connect', '>=0.4.1- <0.5.0-', false ]
verbose cache add [ 'grunt-zip@~0.7.0', null ]
silly cache add: name, spec, args [ undefined, 'grunt-zip@~0.7.0', [ 'grunt-zip@~0.7.0', null ] ]
verbose parsed url { pathname: 'grunt-zip@~0.7.0',
verbose parsed url   path: 'grunt-zip@~0.7.0',
verbose parsed url   href: 'grunt-zip@~0.7.0' }
silly cache add: name, spec, args [ 'grunt-zip', '~0.7.0', [ 'grunt-zip', '~0.7.0' ] ]
verbose parsed url { pathname: '~0.7.0', path: '~0.7.0', href: '~0.7.0' }
verbose addNamed [ 'grunt-zip', '~0.7.0' ]
verbose addNamed [ null, '>=0.7.0- <0.8.0-' ]
silly name, range, hasData [ 'grunt-zip', '>=0.7.0- <0.8.0-', false ]
verbose cache add [ 'grunt@~0.4.0', null ]
silly cache add: name, spec, args [ undefined, 'grunt@~0.4.0', [ 'grunt@~0.4.0', null ] ]
verbose parsed url { pathname: 'grunt@~0.4.0',
verbose parsed url   path: 'grunt@~0.4.0',
verbose parsed url   href: 'grunt@~0.4.0' }
silly cache add: name, spec, args [ 'grunt', '~0.4.0', [ 'grunt', '~0.4.0' ] ]
verbose parsed url { pathname: '~0.4.0', path: '~0.4.0', href: '~0.4.0' }
verbose addNamed [ 'grunt', '~0.4.0' ]
verbose addNamed [ null, '>=0.4.0- <0.5.0-' ]
silly name, range, hasData [ 'grunt', '>=0.4.0- <0.5.0-', false ]
verbose raw, before any munging grunt-contrib-uglify
verbose url resolving [ 'https://registry.npmjs.org/', './grunt-contrib-uglify' ]
verbose url resolved https://registry.npmjs.org/grunt-contrib-uglify
http GET https://registry.npmjs.org/grunt-contrib-uglify
verbose raw, before any munging grunt-contrib-watch
verbose url resolving [ 'https://registry.npmjs.org/', './grunt-contrib-watch' ]
verbose url resolved https://registry.npmjs.org/grunt-contrib-watch
http GET https://registry.npmjs.org/grunt-contrib-watch
verbose raw, before any munging grunt-contrib-sass
verbose url resolving [ 'https://registry.npmjs.org/', './grunt-contrib-sass' ]
verbose url resolved https://registry.npmjs.org/grunt-contrib-sass
http GET https://registry.npmjs.org/grunt-contrib-sass
verbose raw, before any munging grunt-contrib-connect
verbose url resolving [ 'https://registry.npmjs.org/', './grunt-contrib-connect' ]
verbose url resolved https://registry.npmjs.org/grunt-contrib-connect
http GET https://registry.npmjs.org/grunt-contrib-connect
verbose raw, before any munging grunt-zip
verbose url resolving [ 'https://registry.npmjs.org/', './grunt-zip' ]
verbose url resolved https://registry.npmjs.org/grunt-zip
http GET https://registry.npmjs.org/grunt-zip
verbose raw, before any munging grunt
verbose url resolving [ 'https://registry.npmjs.org/', './grunt' ]
verbose url resolved https://registry.npmjs.org/grunt
http GET https://registry.npmjs.org/grunt
verbose raw, before any munging mustache
verbose url resolving [ 'https://registry.npmjs.org/', './mustache' ]
verbose url resolved https://registry.npmjs.org/mustache
verbose etag "8GRR4MBHT4KIITN7HOBUJQYIT"
http GET https://registry.npmjs.org/mustache
verbose raw, before any munging grunt-contrib-cssmin
verbose url resolving [ 'https://registry.npmjs.org/', './grunt-contrib-cssmin' ]
verbose url resolved https://registry.npmjs.org/grunt-contrib-cssmin
verbose etag "3AP7Z4MFTUJODDIAHFQPU32NR"
http GET https://registry.npmjs.org/grunt-contrib-cssmin
verbose raw, before any munging socket.io
verbose url resolving [ 'https://registry.npmjs.org/', './socket.io' ]
verbose url resolved https://registry.npmjs.org/socket.io
verbose etag "C358U3OBS6FMU4FBA6L8VBFI1"
http GET https://registry.npmjs.org/socket.io
ERR! Error: failed to fetch from registry: grunt-contrib-qunit
ERR!     at /usr/share/npm/lib/utils/npm-registry-client/get.js:139:12
ERR!     at cb (/usr/share/npm/lib/utils/npm-registry-client/request.js:31:9)
ERR!     at Request._callback (/usr/share/npm/lib/utils/npm-registry-client/request.js:136:18)
ERR!     at Request.callback (/usr/lib/nodejs/request/main.js:119:22)
ERR!     at Request.<anonymous> (/usr/lib/nodejs/request/main.js:212:58)
ERR!     at Request.emit (events.js:88:20)
ERR!     at ClientRequest.<anonymous> (/usr/lib/nodejs/request/main.js:412:12)
ERR!     at ClientRequest.emit (events.js:67:17)
ERR!     at HTTPParser.onIncoming (http.js:1261:11)
ERR!     at HTTPParser.onHeadersComplete (http.js:102:31)
ERR! You may report this log at:
ERR!     <http://bugs.debian.org/npm>
ERR! or use
ERR!     reportbug --attach /home/shauna/Desktop/git/sgm/personal/npm-debug.log npm
ERR! 
ERR! System Linux 3.8.0-39-generic
ERR! command "node" "/usr/bin/npm" "install"
ERR! cwd /home/shauna/Desktop/git/sgm/personal
ERR! node -v v0.6.12
ERR! npm -v 1.1.4
ERR! message failed to fetch from registry: grunt-contrib-qunit
verbose exit [ 1, true ]
